# JRE version: OpenJDK Runtime Environment Temurin-21.0.9+10 (21.0.9+10) (build 21.0.9+10-LTS)
# Java VM: OpenJDK 64-Bit Server VM Temurin-21.0.9+10 (21.0.9+10-LTS, mixed mode, sharing, tiered, compressed oops, compressed class ptrs, parallel gc, windows-amd64)
GC Precious Log:
 CardTable entry size: 512
 CPUs: 12 total, 12 available
 Memory: 16314M
 Large Page Support: Disabled
 NUMA Support: Disabled
 Compressed Oops: Enabled (32-bit)
 Alignments: Space 512K, Generation 512K, Heap 2M
 Heap Min Capacity: 100M
 Heap Initial Capacity: 100M
 Heap Max Capacity: 2G
 Pre-touch: Disabled
 Parallel Workers: 10
Heap:
 PSYoungGen      total 5120K, used 4704K [0x00000000d5580000, 0x00000000d5c00000, 0x0000000100000000)
  eden space 4608K, 98% used [0x00000000d5580000,0x00000000d59f00c0,0x00000000d5a00000)
  from space 512K, 31% used [0x00000000d5b80000,0x00000000d5ba8000,0x00000000d5c00000)
  to   space 512K, 0% used [0x00000000d5b00000,0x00000000d5b00000,0x00000000d5b80000)
 ParOldGen       total 837120K, used 297132K [0x0000000080000000, 0x00000000b3180000, 0x00000000d5580000)
  object space 837120K, 35% used [0x0000000080000000,0x000000009222b348,0x00000000b3180000)
 Metaspace       used 92602K, committed 94464K, reserved 1179648K
  class space    used 10398K, committed 11264K, reserved 1048576K
GC Heap History (20 events):
Event: 1176.553 GC heap before
{Heap before GC invocations=2022 (full 5):
 PSYoungGen      total 8192K, used 7800K [0x00000000d5580000, 0x00000000d6500000, 0x0000000100000000)
  eden space 4608K, 100% used [0x00000000d5580000,0x00000000d5a00000,0x00000000d5a00000)
  from space 3584K, 89% used [0x00000000d6180000,0x00000000d649e000,0x00000000d6500000)
  to   space 4608K, 0% used [0x00000000d5c00000,0x00000000d5c00000,0x00000000d6080000)
 ParOldGen       total 837120K, used 283544K [0x0000000080000000, 0x00000000b3180000, 0x00000000d5580000)
  object space 837120K, 33% used [0x0000000080000000,0x00000000914e6390,0x00000000b3180000)
 Metaspace       used 92570K, committed 94400K, reserved 1179648K
  class space    used 10397K, committed 11264K, reserved 1048576K
}
Event: 1176.555 GC heap after
{Heap after GC invocations=2022 (full 5):
 PSYoungGen      total 6656K, used 2026K [0x00000000d5580000, 0x00000000d6200000, 0x0000000100000000)
  eden space 4608K, 0% used [0x00000000d5580000,0x00000000d5580000,0x00000000d5a00000)
  from space 2048K, 98% used [0x00000000d5c00000,0x00000000d5dfab18,0x00000000d5e00000)
  to   space 3072K, 0% used [0x00000000d5f00000,0x00000000d5f00000,0x00000000d6200000)
 ParOldGen       total 837120K, used 285596K [0x0000000080000000, 0x00000000b3180000, 0x00000000d5580000)
  object space 837120K, 34% used [0x0000000080000000,0x00000000916e7390,0x00000000b3180000)
 Metaspace       used 92570K, committed 94400K, reserved 1179648K
  class space    used 10397K, committed 11264K, reserved 1048576K
}
Event: 1176.566 GC heap before
{Heap before GC invocations=2023 (full 5):
 PSYoungGen      total 6656K, used 6634K [0x00000000d5580000, 0x00000000d6200000, 0x0000000100000000)
  eden space 4608K, 100% used [0x00000000d5580000,0x00000000d5a00000,0x00000000d5a00000)
  from space 2048K, 98% used [0x00000000d5c00000,0x00000000d5dfab18,0x00000000d5e00000)
  to   space 3072K, 0% used [0x00000000d5f00000,0x00000000d5f00000,0x00000000d6200000)
 ParOldGen       total 837120K, used 285596K [0x0000000080000000, 0x00000000b3180000, 0x00000000d5580000)
  object space 837120K, 34% used [0x0000000080000000,0x00000000916e7390,0x00000000b3180000)
 Metaspace       used 92570K, committed 94400K, reserved 1179648K
  class space    used 10397K, committed 11264K, reserved 1048576K
}
Event: 1176.568 GC heap after
{Heap after GC invocations=2023 (full 5):
 PSYoungGen      total 6656K, used 1825K [0x00000000d5580000, 0x00000000d6100000, 0x0000000100000000)
  eden space 4608K, 0% used [0x00000000d5580000,0x00000000d5580000,0x00000000d5a00000)
  from space 2048K, 89% used [0x00000000d5f00000,0x00000000d60c8440,0x00000000d6100000)
  to   space 2048K, 0% used [0x00000000d5c00000,0x00000000d5c00000,0x00000000d5e00000)
 ParOldGen       total 837120K, used 287376K [0x0000000080000000, 0x00000000b3180000, 0x00000000d5580000)
  object space 837120K, 34% used [0x0000000080000000,0x00000000918a41e0,0x00000000b3180000)
 Metaspace       used 92570K, committed 94400K, reserved 1179648K
  class space    used 10397K, committed 11264K, reserved 1048576K
}
Event: 1176.575 GC heap before
{Heap before GC invocations=2024 (full 5):
 PSYoungGen      total 6656K, used 6433K [0x00000000d5580000, 0x00000000d6100000, 0x0000000100000000)
  eden space 4608K, 100% used [0x00000000d5580000,0x00000000d5a00000,0x00000000d5a00000)
  from space 2048K, 89% used [0x00000000d5f00000,0x00000000d60c8440,0x00000000d6100000)
  to   space 2048K, 0% used [0x00000000d5c00000,0x00000000d5c00000,0x00000000d5e00000)
 ParOldGen       total 837120K, used 287376K [0x0000000080000000, 0x00000000b3180000, 0x00000000d5580000)
  object space 837120K, 34% used [0x0000000080000000,0x00000000918a41e0,0x00000000b3180000)
 Metaspace       used 92570K, committed 94400K, reserved 1179648K
  class space    used 10397K, committed 11264K, reserved 1048576K
}
Event: 1176.577 GC heap after
{Heap after GC invocations=2024 (full 5):
 PSYoungGen      total 6656K, used 1149K [0x00000000d5580000, 0x00000000d5f80000, 0x0000000100000000)
  eden space 4608K, 0% used [0x00000000d5580000,0x00000000d5580000,0x00000000d5a00000)
  from space 2048K, 56% used [0x00000000d5c00000,0x00000000d5d1f758,0x00000000d5e00000)
  to   space 1536K, 0% used [0x00000000d5e00000,0x00000000d5e00000,0x00000000d5f80000)
 ParOldGen       total 837120K, used 288913K [0x0000000080000000, 0x00000000b3180000, 0x00000000d5580000)
  object space 837120K, 34% used [0x0000000080000000,0x0000000091a24600,0x00000000b3180000)
 Metaspace       used 92570K, committed 94400K, reserved 1179648K
  class space    used 10397K, committed 11264K, reserved 1048576K
}
Event: 1176.587 GC heap before
{Heap before GC invocations=2025 (full 5):
 PSYoungGen      total 6656K, used 5757K [0x00000000d5580000, 0x00000000d5f80000, 0x0000000100000000)
  eden space 4608K, 100% used [0x00000000d5580000,0x00000000d5a00000,0x00000000d5a00000)
  from space 2048K, 56% used [0x00000000d5c00000,0x00000000d5d1f758,0x00000000d5e00000)
  to   space 1536K, 0% used [0x00000000d5e00000,0x00000000d5e00000,0x00000000d5f80000)
 ParOldGen       total 837120K, used 288913K [0x0000000080000000, 0x00000000b3180000, 0x00000000d5580000)
  object space 837120K, 34% used [0x0000000080000000,0x0000000091a24600,0x00000000b3180000)
 Metaspace       used 92570K, committed 94400K, reserved 1179648K
  class space    used 10397K, committed 11264K, reserved 1048576K
}
Event: 1176.589 GC heap after
{Heap after GC invocations=2025 (full 5):
 PSYoungGen      total 6144K, used 1514K [0x00000000d5580000, 0x00000000d6100000, 0x0000000100000000)
  eden space 4608K, 0% used [0x00000000d5580000,0x00000000d5580000,0x00000000d5a00000)
  from space 1536K, 98% used [0x00000000d5e00000,0x00000000d5f7a848,0x00000000d5f80000)
  to   space 3584K, 0% used [0x00000000d5a00000,0x00000000d5a00000,0x00000000d5d80000)
 ParOldGen       total 837120K, used 290429K [0x0000000080000000, 0x00000000b3180000, 0x00000000d5580000)
  object space 837120K, 34% used [0x0000000080000000,0x0000000091b9f428,0x00000000b3180000)
 Metaspace       used 92570K, committed 94400K, reserved 1179648K
  class space    used 10397K, committed 11264K, reserved 1048576K
}
Event: 1176.598 GC heap before
{Heap before GC invocations=2026 (full 5):
 PSYoungGen      total 6144K, used 6122K [0x00000000d5580000, 0x00000000d6100000, 0x0000000100000000)
  eden space 4608K, 100% used [0x00000000d5580000,0x00000000d5a00000,0x00000000d5a00000)
  from space 1536K, 98% used [0x00000000d5e00000,0x00000000d5f7a848,0x00000000d5f80000)
  to   space 3584K, 0% used [0x00000000d5a00000,0x00000000d5a00000,0x00000000d5d80000)
 ParOldGen       total 837120K, used 290429K [0x0000000080000000, 0x00000000b3180000, 0x00000000d5580000)
  object space 837120K, 34% used [0x0000000080000000,0x0000000091b9f428,0x00000000b3180000)
 Metaspace       used 92571K, committed 94400K, reserved 1179648K
  class space    used 10397K, committed 11264K, reserved 1048576K
}
Event: 1176.600 GC heap after
{Heap after GC invocations=2026 (full 5):
 PSYoungGen      total 6144K, used 1390K [0x00000000d5580000, 0x00000000d5e80000, 0x0000000100000000)
  eden space 4608K, 0% used [0x00000000d5580000,0x00000000d5580000,0x00000000d5a00000)
  from space 1536K, 90% used [0x00000000d5a00000,0x00000000d5b5b940,0x00000000d5b80000)
  to   space 2048K, 0% used [0x00000000d5c80000,0x00000000d5c80000,0x00000000d5e80000)
 ParOldGen       total 837120K, used 291810K [0x0000000080000000, 0x00000000b3180000, 0x00000000d5580000)
  object space 837120K, 34% used [0x0000000080000000,0x0000000091cf8be8,0x00000000b3180000)
 Metaspace       used 92571K, committed 94400K, reserved 1179648K
  class space    used 10397K, committed 11264K, reserved 1048576K
}
Event: 1176.610 GC heap before
{Heap before GC invocations=2027 (full 5):
 PSYoungGen      total 6144K, used 5998K [0x00000000d5580000, 0x00000000d5e80000, 0x0000000100000000)
  eden space 4608K, 100% used [0x00000000d5580000,0x00000000d5a00000,0x00000000d5a00000)
  from space 1536K, 90% used [0x00000000d5a00000,0x00000000d5b5b940,0x00000000d5b80000)
  to   space 2048K, 0% used [0x00000000d5c80000,0x00000000d5c80000,0x00000000d5e80000)
 ParOldGen       total 837120K, used 291810K [0x0000000080000000, 0x00000000b3180000, 0x00000000d5580000)
  object space 837120K, 34% used [0x0000000080000000,0x0000000091cf8be8,0x00000000b3180000)
 Metaspace       used 92571K, committed 94400K, reserved 1179648K
  class space    used 10397K, committed 11264K, reserved 1048576K
}
Event: 1176.612 GC heap after
{Heap after GC invocations=2027 (full 5):
 PSYoungGen      total 6144K, used 1394K [0x00000000d5580000, 0x00000000d5e00000, 0x0000000100000000)
  eden space 4608K, 0% used [0x00000000d5580000,0x00000000d5580000,0x00000000d5a00000)
  from space 1536K, 90% used [0x00000000d5c80000,0x00000000d5ddc800,0x00000000d5e00000)
  to   space 1536K, 0% used [0x00000000d5a00000,0x00000000d5a00000,0x00000000d5b80000)
 ParOldGen       total 837120K, used 293036K [0x0000000080000000, 0x00000000b3180000, 0x00000000d5580000)
  object space 837120K, 35% used [0x0000000080000000,0x0000000091e2b050,0x00000000b3180000)
 Metaspace       used 92571K, committed 94400K, reserved 1179648K
  class space    used 10397K, committed 11264K, reserved 1048576K
}
Event: 1176.622 GC heap before
{Heap before GC invocations=2028 (full 5):
 PSYoungGen      total 6144K, used 6002K [0x00000000d5580000, 0x00000000d5e00000, 0x0000000100000000)
  eden space 4608K, 100% used [0x00000000d5580000,0x00000000d5a00000,0x00000000d5a00000)
  from space 1536K, 90% used [0x00000000d5c80000,0x00000000d5ddc800,0x00000000d5e00000)
  to   space 1536K, 0% used [0x00000000d5a00000,0x00000000d5a00000,0x00000000d5b80000)
 ParOldGen       total 837120K, used 293036K [0x0000000080000000, 0x00000000b3180000, 0x00000000d5580000)
  object space 837120K, 35% used [0x0000000080000000,0x0000000091e2b050,0x00000000b3180000)
 Metaspace       used 92572K, committed 94400K, reserved 1179648K
  class space    used 10397K, committed 11264K, reserved 1048576K
}
Event: 1176.624 GC heap after
{Heap after GC invocations=2028 (full 5):
 PSYoungGen      total 6144K, used 1479K [0x00000000d5580000, 0x00000000d5d00000, 0x0000000100000000)
  eden space 4608K, 0% used [0x00000000d5580000,0x00000000d5580000,0x00000000d5a00000)
  from space 1536K, 96% used [0x00000000d5a00000,0x00000000d5b71c18,0x00000000d5b80000)
  to   space 1536K, 0% used [0x00000000d5b80000,0x00000000d5b80000,0x00000000d5d00000)
 ParOldGen       total 837120K, used 294267K [0x0000000080000000, 0x00000000b3180000, 0x00000000d5580000)
  object space 837120K, 35% used [0x0000000080000000,0x0000000091f5eed8,0x00000000b3180000)
 Metaspace       used 92572K, committed 94400K, reserved 1179648K
  class space    used 10397K, committed 11264K, reserved 1048576K
}
Event: 1176.640 GC heap before
{Heap before GC invocations=2029 (full 5):
 PSYoungGen      total 6144K, used 6087K [0x00000000d5580000, 0x00000000d5d00000, 0x0000000100000000)
  eden space 4608K, 100% used [0x00000000d5580000,0x00000000d5a00000,0x00000000d5a00000)
  from space 1536K, 96% used [0x00000000d5a00000,0x00000000d5b71c18,0x00000000d5b80000)
  to   space 1536K, 0% used [0x00000000d5b80000,0x00000000d5b80000,0x00000000d5d00000)
 ParOldGen       total 837120K, used 294267K [0x0000000080000000, 0x00000000b3180000, 0x00000000d5580000)
  object space 837120K, 35% used [0x0000000080000000,0x0000000091f5eed8,0x00000000b3180000)
 Metaspace       used 92572K, committed 94400K, reserved 1179648K
  class space    used 10397K, committed 11264K, reserved 1048576K
}
Event: 1176.642 GC heap after
{Heap after GC invocations=2029 (full 5):
 PSYoungGen      total 6144K, used 996K [0x00000000d5580000, 0x00000000d5d00000, 0x0000000100000000)
  eden space 4608K, 0% used [0x00000000d5580000,0x00000000d5580000,0x00000000d5a00000)
  from space 1536K, 64% used [0x00000000d5b80000,0x00000000d5c79008,0x00000000d5d00000)
  to   space 1536K, 0% used [0x00000000d5a00000,0x00000000d5a00000,0x00000000d5b80000)
 ParOldGen       total 837120K, used 295379K [0x0000000080000000, 0x00000000b3180000, 0x00000000d5580000)
  object space 837120K, 35% used [0x0000000080000000,0x0000000092074f78,0x00000000b3180000)
 Metaspace       used 92572K, committed 94400K, reserved 1179648K
  class space    used 10397K, committed 11264K, reserved 1048576K
}
Event: 1226.817 GC heap before
{Heap before GC invocations=2030 (full 5):
 PSYoungGen      total 6144K, used 5604K [0x00000000d5580000, 0x00000000d5d00000, 0x0000000100000000)
  eden space 4608K, 100% used [0x00000000d5580000,0x00000000d5a00000,0x00000000d5a00000)
  from space 1536K, 64% used [0x00000000d5b80000,0x00000000d5c79008,0x00000000d5d00000)
  to   space 1536K, 0% used [0x00000000d5a00000,0x00000000d5a00000,0x00000000d5b80000)
 ParOldGen       total 837120K, used 295379K [0x0000000080000000, 0x00000000b3180000, 0x00000000d5580000)
  object space 837120K, 35% used [0x0000000080000000,0x0000000092074f78,0x00000000b3180000)
 Metaspace       used 92582K, committed 94464K, reserved 1179648K
  class space    used 10397K, committed 11264K, reserved 1048576K
}
Event: 1226.820 GC heap after
{Heap after GC invocations=2030 (full 5):
 PSYoungGen      total 6144K, used 1054K [0x00000000d5580000, 0x00000000d5d00000, 0x0000000100000000)
  eden space 4608K, 0% used [0x00000000d5580000,0x00000000d5580000,0x00000000d5a00000)
  from space 1536K, 68% used [0x00000000d5a00000,0x00000000d5b07848,0x00000000d5b80000)
  to   space 1536K, 0% used [0x00000000d5b80000,0x00000000d5b80000,0x00000000d5d00000)
 ParOldGen       total 837120K, used 296210K [0x0000000080000000, 0x00000000b3180000, 0x00000000d5580000)
  object space 837120K, 35% used [0x0000000080000000,0x0000000092144958,0x00000000b3180000)
 Metaspace       used 92582K, committed 94464K, reserved 1179648K
  class space    used 10397K, committed 11264K, reserved 1048576K
}
Event: 1262.141 GC heap before
{Heap before GC invocations=2031 (full 5):
 PSYoungGen      total 6144K, used 5662K [0x00000000d5580000, 0x00000000d5d00000, 0x0000000100000000)
  eden space 4608K, 99% used [0x00000000d5580000,0x00000000d59fffe0,0x00000000d5a00000)
  from space 1536K, 68% used [0x00000000d5a00000,0x00000000d5b07848,0x00000000d5b80000)
  to   space 1536K, 0% used [0x00000000d5b80000,0x00000000d5b80000,0x00000000d5d00000)
 ParOldGen       total 837120K, used 296210K [0x0000000080000000, 0x00000000b3180000, 0x00000000d5580000)
  object space 837120K, 35% used [0x0000000080000000,0x0000000092144958,0x00000000b3180000)
 Metaspace       used 92585K, committed 94464K, reserved 1179648K
  class space    used 10397K, committed 11264K, reserved 1048576K
}
Event: 1262.144 GC heap after
{Heap after GC invocations=2031 (full 5):
 PSYoungGen      total 5120K, used 160K [0x00000000d5580000, 0x00000000d5c00000, 0x0000000100000000)
  eden space 4608K, 0% used [0x00000000d5580000,0x00000000d5580000,0x00000000d5a00000)
  from space 512K, 31% used [0x00000000d5b80000,0x00000000d5ba8000,0x00000000d5c00000)
  to   space 512K, 0% used [0x00000000d5b00000,0x00000000d5b00000,0x00000000d5b80000)
 ParOldGen       total 837120K, used 297132K [0x0000000080000000, 0x00000000b3180000, 0x00000000d5580000)
  object space 837120K, 35% used [0x0000000080000000,0x000000009222b348,0x00000000b3180000)
 Metaspace       used 92585K, committed 94464K, reserved 1179648K
  class space    used 10397K, committed 11264K, reserved 1048576K
}

