# JRE version: OpenJDK Runtime Environment Temurin-21.0.9+10 (21.0.9+10) (build 21.0.9+10-LTS)
# Java VM: OpenJDK 64-Bit Server VM Temurin-21.0.9+10 (21.0.9+10-LTS, mixed mode, sharing, tiered, compressed oops, compressed class ptrs, parallel gc, windows-amd64)
GC Precious Log:
 CardTable entry size: 512
 CPUs: 12 total, 12 available
 Memory: 16314M
 Large Page Support: Disabled
 NUMA Support: Disabled
 Compressed Oops: Enabled (32-bit)
 Alignments: Space 512K, Generation 512K, Heap 2M
 Heap Min Capacity: 100M
 Heap Initial Capacity: 100M
 Heap Max Capacity: 2G
 Pre-touch: Disabled
 Parallel Workers: 10
Heap:
 PSYoungGen      total 3072K, used 860K [0x00000000d5580000, 0x00000000d5c80000, 0x0000000100000000)
  eden space 2560K, 22% used [0x00000000d5580000,0x00000000d560f378,0x00000000d5800000)
  from space 512K, 56% used [0x00000000d5b80000,0x00000000d5bc8000,0x00000000d5c00000)
  to   space 512K, 0% used [0x00000000d5c00000,0x00000000d5c00000,0x00000000d5c80000)
 ParOldGen       total 784896K, used 784848K [0x0000000080000000, 0x00000000afe80000, 0x00000000d5580000)
  object space 784896K, 99% used [0x0000000080000000,0x00000000afe74130,0x00000000afe80000)
 Metaspace       used 69954K, committed 71616K, reserved 1114112K
  class space    used 7044K, committed 7744K, reserved 1048576K
GC Heap History (20 events):
Event: 31.347 GC heap before
{Heap before GC invocations=1472 (full 4):
 PSYoungGen      total 7168K, used 7163K [0x00000000d5580000, 0x00000000d6380000, 0x0000000100000000)
  eden space 5120K, 100% used [0x00000000d5580000,0x00000000d5a80000,0x00000000d5a80000)
  from space 2048K, 99% used [0x00000000d5a80000,0x00000000d5c7efd0,0x00000000d5c80000)
  to   space 4608K, 0% used [0x00000000d5f00000,0x00000000d5f00000,0x00000000d6380000)
 ParOldGen       total 771584K, used 771192K [0x0000000080000000, 0x00000000af180000, 0x00000000d5580000)
  object space 771584K, 99% used [0x0000000080000000,0x00000000af11e128,0x00000000af180000)
 Metaspace       used 69792K, committed 71488K, reserved 1114112K
  class space    used 7031K, committed 7744K, reserved 1048576K
}
Event: 31.350 GC heap after
{Heap after GC invocations=1472 (full 4):
 PSYoungGen      total 8704K, used 1779K [0x00000000d5580000, 0x00000000d6180000, 0x0000000100000000)
  eden space 6144K, 0% used [0x00000000d5580000,0x00000000d5580000,0x00000000d5b80000)
  from space 2560K, 69% used [0x00000000d5f00000,0x00000000d60bce98,0x00000000d6180000)
  to   space 3072K, 0% used [0x00000000d5b80000,0x00000000d5b80000,0x00000000d5e80000)
 ParOldGen       total 772608K, used 772404K [0x0000000080000000, 0x00000000af280000, 0x00000000d5580000)
  object space 772608K, 99% used [0x0000000080000000,0x00000000af24d3b8,0x00000000af280000)
 Metaspace       used 69792K, committed 71488K, reserved 1114112K
  class space    used 7031K, committed 7744K, reserved 1048576K
}
Event: 31.367 GC heap before
{Heap before GC invocations=1473 (full 4):
 PSYoungGen      total 8704K, used 7923K [0x00000000d5580000, 0x00000000d6180000, 0x0000000100000000)
  eden space 6144K, 100% used [0x00000000d5580000,0x00000000d5b80000,0x00000000d5b80000)
  from space 2560K, 69% used [0x00000000d5f00000,0x00000000d60bce98,0x00000000d6180000)
  to   space 3072K, 0% used [0x00000000d5b80000,0x00000000d5b80000,0x00000000d5e80000)
 ParOldGen       total 772608K, used 772404K [0x0000000080000000, 0x00000000af280000, 0x00000000d5580000)
  object space 772608K, 99% used [0x0000000080000000,0x00000000af24d3b8,0x00000000af280000)
 Metaspace       used 69807K, committed 71488K, reserved 1114112K
  class space    used 7031K, committed 7744K, reserved 1048576K
}
Event: 31.370 GC heap after
{Heap after GC invocations=1473 (full 4):
 PSYoungGen      total 9216K, used 2788K [0x00000000d5580000, 0x00000000d6180000, 0x0000000100000000)
  eden space 6144K, 0% used [0x00000000d5580000,0x00000000d5580000,0x00000000d5b80000)
  from space 3072K, 90% used [0x00000000d5b80000,0x00000000d5e391f0,0x00000000d5e80000)
  to   space 3072K, 0% used [0x00000000d5e80000,0x00000000d5e80000,0x00000000d6180000)
 ParOldGen       total 774144K, used 773992K [0x0000000080000000, 0x00000000af400000, 0x00000000d5580000)
  object space 774144K, 99% used [0x0000000080000000,0x00000000af3da010,0x00000000af400000)
 Metaspace       used 69807K, committed 71488K, reserved 1114112K
  class space    used 7031K, committed 7744K, reserved 1048576K
}
Event: 31.390 GC heap before
{Heap before GC invocations=1474 (full 4):
 PSYoungGen      total 9216K, used 8932K [0x00000000d5580000, 0x00000000d6180000, 0x0000000100000000)
  eden space 6144K, 100% used [0x00000000d5580000,0x00000000d5b80000,0x00000000d5b80000)
  from space 3072K, 90% used [0x00000000d5b80000,0x00000000d5e391f0,0x00000000d5e80000)
  to   space 3072K, 0% used [0x00000000d5e80000,0x00000000d5e80000,0x00000000d6180000)
 ParOldGen       total 774144K, used 773992K [0x0000000080000000, 0x00000000af400000, 0x00000000d5580000)
  object space 774144K, 99% used [0x0000000080000000,0x00000000af3da010,0x00000000af400000)
 Metaspace       used 69832K, committed 71488K, reserved 1114112K
  class space    used 7031K, committed 7744K, reserved 1048576K
}
Event: 31.394 GC heap after
{Heap after GC invocations=1474 (full 4):
 PSYoungGen      total 9216K, used 2729K [0x00000000d5580000, 0x00000000d6180000, 0x0000000100000000)
  eden space 6144K, 0% used [0x00000000d5580000,0x00000000d5580000,0x00000000d5b80000)
  from space 3072K, 88% used [0x00000000d5e80000,0x00000000d612a4a8,0x00000000d6180000)
  to   space 3072K, 0% used [0x00000000d5b80000,0x00000000d5b80000,0x00000000d5e80000)
 ParOldGen       total 777216K, used 776822K [0x0000000080000000, 0x00000000af700000, 0x00000000d5580000)
  object space 777216K, 99% used [0x0000000080000000,0x00000000af69d9e0,0x00000000af700000)
 Metaspace       used 69832K, committed 71488K, reserved 1114112K
  class space    used 7031K, committed 7744K, reserved 1048576K
}
Event: 31.410 GC heap before
{Heap before GC invocations=1475 (full 4):
 PSYoungGen      total 9216K, used 8873K [0x00000000d5580000, 0x00000000d6180000, 0x0000000100000000)
  eden space 6144K, 100% used [0x00000000d5580000,0x00000000d5b80000,0x00000000d5b80000)
  from space 3072K, 88% used [0x00000000d5e80000,0x00000000d612a4a8,0x00000000d6180000)
  to   space 3072K, 0% used [0x00000000d5b80000,0x00000000d5b80000,0x00000000d5e80000)
 ParOldGen       total 777216K, used 776822K [0x0000000080000000, 0x00000000af700000, 0x00000000d5580000)
  object space 777216K, 99% used [0x0000000080000000,0x00000000af69d9e0,0x00000000af700000)
 Metaspace       used 69852K, committed 71552K, reserved 1114112K
  class space    used 7032K, committed 7744K, reserved 1048576K
}
Event: 31.412 GC heap after
{Heap after GC invocations=1475 (full 4):
 PSYoungGen      total 9216K, used 2823K [0x00000000d5580000, 0x00000000d6180000, 0x0000000100000000)
  eden space 6144K, 0% used [0x00000000d5580000,0x00000000d5580000,0x00000000d5b80000)
  from space 3072K, 91% used [0x00000000d5b80000,0x00000000d5e41ea8,0x00000000d5e80000)
  to   space 3072K, 0% used [0x00000000d5e80000,0x00000000d5e80000,0x00000000d6180000)
 ParOldGen       total 779264K, used 778995K [0x0000000080000000, 0x00000000af900000, 0x00000000d5580000)
  object space 779264K, 99% used [0x0000000080000000,0x00000000af8bccb0,0x00000000af900000)
 Metaspace       used 69852K, committed 71552K, reserved 1114112K
  class space    used 7032K, committed 7744K, reserved 1048576K
}
Event: 31.434 GC heap before
{Heap before GC invocations=1476 (full 4):
 PSYoungGen      total 9216K, used 8967K [0x00000000d5580000, 0x00000000d6180000, 0x0000000100000000)
  eden space 6144K, 99% used [0x00000000d5580000,0x00000000d5b7fff0,0x00000000d5b80000)
  from space 3072K, 91% used [0x00000000d5b80000,0x00000000d5e41ea8,0x00000000d5e80000)
  to   space 3072K, 0% used [0x00000000d5e80000,0x00000000d5e80000,0x00000000d6180000)
 ParOldGen       total 779264K, used 778995K [0x0000000080000000, 0x00000000af900000, 0x00000000d5580000)
  object space 779264K, 99% used [0x0000000080000000,0x00000000af8bccb0,0x00000000af900000)
 Metaspace       used 69859K, committed 71552K, reserved 1114112K
  class space    used 7032K, committed 7744K, reserved 1048576K
}
Event: 31.437 GC heap after
{Heap after GC invocations=1476 (full 4):
 PSYoungGen      total 5632K, used 3066K [0x00000000d5580000, 0x00000000d6880000, 0x0000000100000000)
  eden space 2560K, 0% used [0x00000000d5580000,0x00000000d5580000,0x00000000d5800000)
  from space 3072K, 99% used [0x00000000d5e80000,0x00000000d617ea38,0x00000000d6180000)
  to   space 6656K, 0% used [0x00000000d5800000,0x00000000d5800000,0x00000000d5e80000)
 ParOldGen       total 781824K, used 781786K [0x0000000080000000, 0x00000000afb80000, 0x00000000d5580000)
  object space 781824K, 99% used [0x0000000080000000,0x00000000afb769c8,0x00000000afb80000)
 Metaspace       used 69859K, committed 71552K, reserved 1114112K
  class space    used 7032K, committed 7744K, reserved 1048576K
}
Event: 31.451 GC heap before
{Heap before GC invocations=1477 (full 4):
 PSYoungGen      total 5632K, used 5626K [0x00000000d5580000, 0x00000000d6880000, 0x0000000100000000)
  eden space 2560K, 100% used [0x00000000d5580000,0x00000000d5800000,0x00000000d5800000)
  from space 3072K, 99% used [0x00000000d5e80000,0x00000000d617ea38,0x00000000d6180000)
  to   space 6656K, 0% used [0x00000000d5800000,0x00000000d5800000,0x00000000d5e80000)
 ParOldGen       total 781824K, used 781786K [0x0000000080000000, 0x00000000afb80000, 0x00000000d5580000)
  object space 781824K, 99% used [0x0000000080000000,0x00000000afb769c8,0x00000000afb80000)
 Metaspace       used 69894K, committed 71552K, reserved 1114112K
  class space    used 7033K, committed 7744K, reserved 1048576K
}
Event: 31.453 GC heap after
{Heap after GC invocations=1477 (full 4):
 PSYoungGen      total 3584K, used 612K [0x00000000d5580000, 0x00000000d5f00000, 0x0000000100000000)
  eden space 2560K, 0% used [0x00000000d5580000,0x00000000d5580000,0x00000000d5800000)
  from space 1024K, 59% used [0x00000000d5800000,0x00000000d5899028,0x00000000d5900000)
  to   space 2560K, 0% used [0x00000000d5c80000,0x00000000d5c80000,0x00000000d5f00000)
 ParOldGen       total 784384K, used 784190K [0x0000000080000000, 0x00000000afe00000, 0x00000000d5580000)
  object space 784384K, 99% used [0x0000000080000000,0x00000000afdcfa98,0x00000000afe00000)
 Metaspace       used 69894K, committed 71552K, reserved 1114112K
  class space    used 7033K, committed 7744K, reserved 1048576K
}
Event: 31.463 GC heap before
{Heap before GC invocations=1478 (full 4):
 PSYoungGen      total 3584K, used 3171K [0x00000000d5580000, 0x00000000d5f00000, 0x0000000100000000)
  eden space 2560K, 99% used [0x00000000d5580000,0x00000000d57fff30,0x00000000d5800000)
  from space 1024K, 59% used [0x00000000d5800000,0x00000000d5899028,0x00000000d5900000)
  to   space 2560K, 0% used [0x00000000d5c80000,0x00000000d5c80000,0x00000000d5f00000)
 ParOldGen       total 784384K, used 784190K [0x0000000080000000, 0x00000000afe00000, 0x00000000d5580000)
  object space 784384K, 99% used [0x0000000080000000,0x00000000afdcfa98,0x00000000afe00000)
 Metaspace       used 69900K, committed 71552K, reserved 1114112K
  class space    used 7035K, committed 7744K, reserved 1048576K
}
Event: 31.464 GC heap after
{Heap after GC invocations=1478 (full 4):
 PSYoungGen      total 3072K, used 352K [0x00000000d5580000, 0x00000000d5d00000, 0x0000000100000000)
  eden space 2560K, 0% used [0x00000000d5580000,0x00000000d5580000,0x00000000d5800000)
  from space 512K, 68% used [0x00000000d5c80000,0x00000000d5cd8000,0x00000000d5d00000)
  to   space 1024K, 0% used [0x00000000d5b00000,0x00000000d5b00000,0x00000000d5c00000)
 ParOldGen       total 784896K, used 784584K [0x0000000080000000, 0x00000000afe80000, 0x00000000d5580000)
  object space 784896K, 99% used [0x0000000080000000,0x00000000afe32130,0x00000000afe80000)
 Metaspace       used 69900K, committed 71552K, reserved 1114112K
  class space    used 7035K, committed 7744K, reserved 1048576K
}
Event: 31.469 GC heap before
{Heap before GC invocations=1479 (full 4):
 PSYoungGen      total 3072K, used 2912K [0x00000000d5580000, 0x00000000d5d00000, 0x0000000100000000)
  eden space 2560K, 100% used [0x00000000d5580000,0x00000000d5800000,0x00000000d5800000)
  from space 512K, 68% used [0x00000000d5c80000,0x00000000d5cd8000,0x00000000d5d00000)
  to   space 1024K, 0% used [0x00000000d5b00000,0x00000000d5b00000,0x00000000d5c00000)
 ParOldGen       total 784896K, used 784584K [0x0000000080000000, 0x00000000afe80000, 0x00000000d5580000)
  object space 784896K, 99% used [0x0000000080000000,0x00000000afe32130,0x00000000afe80000)
 Metaspace       used 69925K, committed 71616K, reserved 1114112K
  class space    used 7041K, committed 7744K, reserved 1048576K
}
Event: 31.470 GC heap after
{Heap after GC invocations=1479 (full 4):
 PSYoungGen      total 3584K, used 580K [0x00000000d5580000, 0x00000000d5d00000, 0x0000000100000000)
  eden space 2560K, 0% used [0x00000000d5580000,0x00000000d5580000,0x00000000d5800000)
  from space 1024K, 56% used [0x00000000d5b00000,0x00000000d5b91170,0x00000000d5c00000)
  to   space 1024K, 0% used [0x00000000d5c00000,0x00000000d5c00000,0x00000000d5d00000)
 ParOldGen       total 784896K, used 784704K [0x0000000080000000, 0x00000000afe80000, 0x00000000d5580000)
  object space 784896K, 99% used [0x0000000080000000,0x00000000afe50130,0x00000000afe80000)
 Metaspace       used 69925K, committed 71616K, reserved 1114112K
  class space    used 7041K, committed 7744K, reserved 1048576K
}
Event: 31.477 GC heap before
{Heap before GC invocations=1480 (full 4):
 PSYoungGen      total 3584K, used 2515K [0x00000000d5580000, 0x00000000d5d00000, 0x0000000100000000)
  eden space 2560K, 75% used [0x00000000d5580000,0x00000000d5763df8,0x00000000d5800000)
  from space 1024K, 56% used [0x00000000d5b00000,0x00000000d5b91170,0x00000000d5c00000)
  to   space 1024K, 0% used [0x00000000d5c00000,0x00000000d5c00000,0x00000000d5d00000)
 ParOldGen       total 784896K, used 784704K [0x0000000080000000, 0x00000000afe80000, 0x00000000d5580000)
  object space 784896K, 99% used [0x0000000080000000,0x00000000afe50130,0x00000000afe80000)
 Metaspace       used 69925K, committed 71616K, reserved 1114112K
  class space    used 7041K, committed 7744K, reserved 1048576K
}
Event: 31.478 GC heap after
{Heap after GC invocations=1480 (full 4):
 PSYoungGen      total 3072K, used 256K [0x00000000d5580000, 0x00000000d5c80000, 0x0000000100000000)
  eden space 2560K, 0% used [0x00000000d5580000,0x00000000d5580000,0x00000000d5800000)
  from space 512K, 50% used [0x00000000d5c00000,0x00000000d5c40000,0x00000000d5c80000)
  to   space 512K, 0% used [0x00000000d5b80000,0x00000000d5b80000,0x00000000d5c00000)
 ParOldGen       total 784896K, used 784768K [0x0000000080000000, 0x00000000afe80000, 0x00000000d5580000)
  object space 784896K, 99% used [0x0000000080000000,0x00000000afe60130,0x00000000afe80000)
 Metaspace       used 69925K, committed 71616K, reserved 1114112K
  class space    used 7041K, committed 7744K, reserved 1048576K
}
Event: 31.484 GC heap before
{Heap before GC invocations=1481 (full 4):
 PSYoungGen      total 3072K, used 2740K [0x00000000d5580000, 0x00000000d5c80000, 0x0000000100000000)
  eden space 2560K, 97% used [0x00000000d5580000,0x00000000d57ed3b0,0x00000000d5800000)
  from space 512K, 50% used [0x00000000d5c00000,0x00000000d5c40000,0x00000000d5c80000)
  to   space 512K, 0% used [0x00000000d5b80000,0x00000000d5b80000,0x00000000d5c00000)
 ParOldGen       total 784896K, used 784768K [0x0000000080000000, 0x00000000afe80000, 0x00000000d5580000)
  object space 784896K, 99% used [0x0000000080000000,0x00000000afe60130,0x00000000afe80000)
 Metaspace       used 69926K, committed 71616K, reserved 1114112K
  class space    used 7041K, committed 7744K, reserved 1048576K
}
Event: 31.485 GC heap after
{Heap after GC invocations=1481 (full 4):
 PSYoungGen      total 3072K, used 288K [0x00000000d5580000, 0x00000000d5c80000, 0x0000000100000000)
  eden space 2560K, 0% used [0x00000000d5580000,0x00000000d5580000,0x00000000d5800000)
  from space 512K, 56% used [0x00000000d5b80000,0x00000000d5bc8000,0x00000000d5c00000)
  to   space 512K, 0% used [0x00000000d5c00000,0x00000000d5c00000,0x00000000d5c80000)
 ParOldGen       total 784896K, used 784848K [0x0000000080000000, 0x00000000afe80000, 0x00000000d5580000)
  object space 784896K, 99% used [0x0000000080000000,0x00000000afe74130,0x00000000afe80000)
 Metaspace       used 69926K, committed 71616K, reserved 1114112K
  class space    used 7041K, committed 7744K, reserved 1048576K
}

